2025-04-23T15:08:02.119+03:00  INFO 15848 --- [main] com.fiba.api.ApiApplication              : Starting ApiApplication using Java 19.0.2 with PID 15848 (D:\fiba_backend\target\classes started by Timur in D:\fiba_backend)
2025-04-23T15:08:02.127+03:00  INFO 15848 --- [main] com.fiba.api.ApiApplication              : No active profile set, falling back to 1 default profile: "default"
2025-04-23T15:08:04.165+03:00  INFO 15848 --- [main] .s.d.r.c.RepositoryConfigurationDelegate : Bootstrapping Spring Data JPA repositories in DEFAULT mode.
2025-04-23T15:08:04.269+03:00  INFO 15848 --- [main] .s.d.r.c.RepositoryConfigurationDelegate : Finished Spring Data repository scanning in 91 ms. Found 8 JPA repository interfaces.
2025-04-23T15:08:06.603+03:00  INFO 15848 --- [main] o.s.b.w.embedded.tomcat.TomcatWebServer  : Tomcat initialized with port 8080 (http)
2025-04-23T15:08:06.619+03:00  INFO 15848 --- [main] o.apache.catalina.core.StandardService   : Starting service [Tomcat]
2025-04-23T15:08:06.620+03:00  INFO 15848 --- [main] o.apache.catalina.core.StandardEngine    : Starting Servlet engine: [Apache Tomcat/10.1.19]
2025-04-23T15:08:06.733+03:00  INFO 15848 --- [main] o.a.c.c.C.[Tomcat].[localhost].[/]       : Initializing Spring embedded WebApplicationContext
2025-04-23T15:08:07.220+03:00  INFO 15848 --- [main] o.hibernate.jpa.internal.util.LogHelper  : HHH000204: Processing PersistenceUnitInfo [name: default]
2025-04-23T15:08:07.308+03:00  INFO 15848 --- [main] org.hibernate.Version                    : HHH000412: Hibernate ORM core version 6.4.4.Final
2025-04-23T15:08:07.376+03:00  INFO 15848 --- [main] o.h.c.internal.RegionFactoryInitiator    : HHH000026: Second-level cache disabled
2025-04-23T15:08:07.797+03:00  INFO 15848 --- [main] o.s.o.j.p.SpringPersistenceUnitInfo      : No LoadTimeWeaver setup: ignoring JPA class transformer
2025-04-23T15:08:07.839+03:00  WARN 15848 --- [main] org.hibernate.orm.deprecation            : HHH90000025: PostgreSQLDialect does not need to be specified explicitly using 'hibernate.dialect' (remove the property setting and it will be selected by default)
2025-04-23T15:08:07.867+03:00 DEBUG 15848 --- [main] o.h.t.d.sql.spi.DdlTypeRegistry          : addDescriptor(2003, org.hibernate.type.descriptor.sql.internal.ArrayDdlTypeImpl@297c3a43) replaced previous registration(org.hibernate.type.descriptor.sql.internal.ArrayDdlTypeImpl@4c79ca55)
2025-04-23T15:08:07.867+03:00 DEBUG 15848 --- [main] o.h.t.d.sql.spi.DdlTypeRegistry          : addDescriptor(6, org.hibernate.type.descriptor.sql.internal.CapacityDependentDdlType@3a63d248) replaced previous registration(org.hibernate.type.descriptor.sql.internal.DdlTypeImpl@3c4ad54)
2025-04-23T15:08:10.403+03:00  INFO 15848 --- [main] o.h.e.t.j.p.i.JtaPlatformInitiator       : HHH000489: No JTA platform available (set 'hibernate.transaction.jta.platform' to enable JTA platform integration)
2025-04-23T15:08:10.527+03:00  INFO 15848 --- [main] com.zaxxer.hikari.HikariDataSource       : HikariPool-1 - Starting...
2025-04-23T15:08:10.608+03:00  INFO 15848 --- [main] com.zaxxer.hikari.HikariDataSource       : HikariPool-1 - Start completed.
2025-04-23T15:08:12.898+03:00  INFO 15848 --- [main] j.LocalContainerEntityManagerFactoryBean : Initialized JPA EntityManagerFactory for persistence unit 'default'
2025-04-23T15:08:13.684+03:00  INFO 15848 --- [main] o.s.d.j.r.query.QueryEnhancerFactory     : Hibernate is in classpath; If applicable, HQL parser will be used.
2025-04-23T15:08:15.230+03:00  INFO 15848 --- [main] o.s.s.web.DefaultSecurityFilterChain     : Will secure any request with [org.springframework.security.web.session.DisableEncodeUrlFilter@53bd2b00, org.springframework.security.web.context.request.async.WebAsyncManagerIntegrationFilter@319267ad, org.springframework.security.web.context.SecurityContextHolderFilter@3f90f77a, org.springframework.security.web.header.HeaderWriterFilter@a41434b, org.springframework.web.filter.CorsFilter@6816b0cb, org.springframework.security.web.authentication.logout.LogoutFilter@7ce2bfb, com.fiba.api.security.JwtAuthenticationFilter@28566aad, org.springframework.security.web.savedrequest.RequestCacheAwareFilter@482ecb95, org.springframework.security.web.servletapi.SecurityContextHolderAwareRequestFilter@3683c47f, org.springframework.security.web.authentication.AnonymousAuthenticationFilter@4305b87e, org.springframework.security.web.session.SessionManagementFilter@2159c25e, org.springframework.security.web.access.ExceptionTranslationFilter@6de06606, org.springframework.security.web.access.intercept.AuthorizationFilter@76f18f68]
2025-04-23T15:08:15.728+03:00  INFO 15848 --- [main] o.s.b.w.embedded.tomcat.TomcatWebServer  : Tomcat started on port 8080 (http) with context path ''
2025-04-23T15:08:15.740+03:00  INFO 15848 --- [main] com.fiba.api.config.DatabaseConfig       : Приложение запущено, проверка подключения к базе данных...
2025-04-23T15:08:15.740+03:00  INFO 15848 --- [main] com.fiba.api.config.DatabaseConfig       : Используемый URL базы данных: jdbc:postgresql://rc1a-345wqvguutz56h32.mdb.yandexcloud.net:6432/streetball
2025-04-23T15:08:15.792+03:00  INFO 15848 --- [main] com.fiba.api.config.DatabaseConfig       : Подключение к базе данных успешно
2025-04-23T15:08:15.832+03:00  INFO 15848 --- [main] com.fiba.api.config.DatabaseConfig       : Версия БД: PostgreSQL 15.10 (Ubuntu 15.10-201-yandex.55221.561167750c) on x86_64-pc-linux-gnu, compiled by gcc (Ubuntu 11.4.0-1ubuntu1~22.04) 11.4.0, 64-bit
2025-04-23T15:08:15.832+03:00  INFO 15848 --- [main] com.fiba.api.ApiApplication              : Started ApiApplication in 14.604 seconds (process running for 15.767)
2025-04-23T15:08:15.838+03:00  INFO 15848 --- [main] c.fiba.api.service.FileStorageService    : Инициализация FileStorageService...
2025-04-23T15:08:15.839+03:00  INFO 15848 --- [main] c.fiba.api.service.FileStorageService    : FileStorageService инициализирован успешно
2025-04-23T15:08:16.174+03:00  INFO 15848 --- [RMI TCP Connection(21)-192.168.0.148] o.a.c.c.C.[Tomcat].[localhost].[/]       : Initializing Spring DispatcherServlet 'dispatcherServlet'
2025-04-23T15:08:16.178+03:00  INFO 15848 --- [RMI TCP Connection(21)-192.168.0.148] o.s.web.servlet.DispatcherServlet        : Initializing Servlet 'dispatcherServlet'
2025-04-23T15:08:16.179+03:00  INFO 15848 --- [RMI TCP Connection(21)-192.168.0.148] o.s.web.servlet.DispatcherServlet        : Completed initialization in 1 ms
2025-04-23T15:08:54.285+03:00  INFO 15848 --- [SpringApplicationShutdownHook] j.LocalContainerEntityManagerFactoryBean : Closing JPA EntityManagerFactory for persistence unit 'default'
2025-04-23T15:08:54.287+03:00  INFO 15848 --- [SpringApplicationShutdownHook] com.zaxxer.hikari.HikariDataSource       : HikariPool-1 - Shutdown initiated...
2025-04-23T15:08:54.343+03:00  INFO 15848 --- [SpringApplicationShutdownHook] com.zaxxer.hikari.HikariDataSource       : HikariPool-1 - Shutdown completed.
2025-04-23T16:15:21.681+03:00  INFO 9092 --- [main] com.fiba.api.ApiApplication              : Starting ApiApplication using Java 19.0.2 with PID 9092 (D:\fiba_backend\target\classes started by Timur in D:\fiba_backend)
2025-04-23T16:15:21.683+03:00  INFO 9092 --- [main] com.fiba.api.ApiApplication              : No active profile set, falling back to 1 default profile: "default"
2025-04-23T16:15:22.341+03:00  INFO 9092 --- [main] .s.d.r.c.RepositoryConfigurationDelegate : Bootstrapping Spring Data JPA repositories in DEFAULT mode.
2025-04-23T16:15:22.393+03:00  INFO 9092 --- [main] .s.d.r.c.RepositoryConfigurationDelegate : Finished Spring Data repository scanning in 46 ms. Found 8 JPA repository interfaces.
2025-04-23T16:15:23.298+03:00  INFO 9092 --- [main] o.s.b.w.embedded.tomcat.TomcatWebServer  : Tomcat initialized with port 8080 (http)
2025-04-23T16:15:23.316+03:00  INFO 9092 --- [main] o.apache.catalina.core.StandardService   : Starting service [Tomcat]
2025-04-23T16:15:23.316+03:00  INFO 9092 --- [main] o.apache.catalina.core.StandardEngine    : Starting Servlet engine: [Apache Tomcat/10.1.19]
2025-04-23T16:15:23.375+03:00  INFO 9092 --- [main] o.a.c.c.C.[Tomcat].[localhost].[/]       : Initializing Spring embedded WebApplicationContext
2025-04-23T16:15:23.619+03:00  INFO 9092 --- [main] o.hibernate.jpa.internal.util.LogHelper  : HHH000204: Processing PersistenceUnitInfo [name: default]
2025-04-23T16:15:23.668+03:00  INFO 9092 --- [main] org.hibernate.Version                    : HHH000412: Hibernate ORM core version 6.4.4.Final
2025-04-23T16:15:23.695+03:00  INFO 9092 --- [main] o.h.c.internal.RegionFactoryInitiator    : HHH000026: Second-level cache disabled
2025-04-23T16:15:23.900+03:00  INFO 9092 --- [main] o.s.o.j.p.SpringPersistenceUnitInfo      : No LoadTimeWeaver setup: ignoring JPA class transformer
2025-04-23T16:15:23.923+03:00  WARN 9092 --- [main] org.hibernate.orm.deprecation            : HHH90000025: PostgreSQLDialect does not need to be specified explicitly using 'hibernate.dialect' (remove the property setting and it will be selected by default)
2025-04-23T16:15:23.937+03:00 DEBUG 9092 --- [main] o.h.t.d.sql.spi.DdlTypeRegistry          : addDescriptor(2003, org.hibernate.type.descriptor.sql.internal.ArrayDdlTypeImpl@3749c2b) replaced previous registration(org.hibernate.type.descriptor.sql.internal.ArrayDdlTypeImpl@32e65852)
2025-04-23T16:15:23.937+03:00 DEBUG 9092 --- [main] o.h.t.d.sql.spi.DdlTypeRegistry          : addDescriptor(6, org.hibernate.type.descriptor.sql.internal.CapacityDependentDdlType@64d93096) replaced previous registration(org.hibernate.type.descriptor.sql.internal.DdlTypeImpl@76ed7573)
2025-04-23T16:15:24.911+03:00  INFO 9092 --- [main] o.h.e.t.j.p.i.JtaPlatformInitiator       : HHH000489: No JTA platform available (set 'hibernate.transaction.jta.platform' to enable JTA platform integration)
2025-04-23T16:15:24.927+03:00  INFO 9092 --- [main] com.zaxxer.hikari.HikariDataSource       : HikariPool-1 - Starting...
2025-04-23T16:15:24.936+03:00  INFO 9092 --- [main] com.zaxxer.hikari.HikariDataSource       : HikariPool-1 - Start completed.
2025-04-23T16:15:26.585+03:00  INFO 9092 --- [main] j.LocalContainerEntityManagerFactoryBean : Initialized JPA EntityManagerFactory for persistence unit 'default'
2025-04-23T16:15:26.867+03:00  INFO 9092 --- [main] o.s.d.j.r.query.QueryEnhancerFactory     : Hibernate is in classpath; If applicable, HQL parser will be used.
2025-04-23T16:15:28.246+03:00  INFO 9092 --- [main] o.s.s.web.DefaultSecurityFilterChain     : Will secure any request with [org.springframework.security.web.session.DisableEncodeUrlFilter@39f29540, org.springframework.security.web.context.request.async.WebAsyncManagerIntegrationFilter@2bb5637a, org.springframework.security.web.context.SecurityContextHolderFilter@5d3b2d9a, org.springframework.security.web.header.HeaderWriterFilter@3c81a51a, org.springframework.web.filter.CorsFilter@87affb5, org.springframework.security.web.authentication.logout.LogoutFilter@6c43d4dd, com.fiba.api.security.JwtAuthenticationFilter@684138c5, org.springframework.security.web.savedrequest.RequestCacheAwareFilter@6283ac9, org.springframework.security.web.servletapi.SecurityContextHolderAwareRequestFilter@4b969bd9, org.springframework.security.web.authentication.AnonymousAuthenticationFilter@1decf3e3, org.springframework.security.web.session.SessionManagementFilter@155d00b5, org.springframework.security.web.access.ExceptionTranslationFilter@2159c25e, org.springframework.security.web.access.intercept.AuthorizationFilter@3b58d05f]
2025-04-23T16:15:28.740+03:00  INFO 9092 --- [main] o.s.b.w.embedded.tomcat.TomcatWebServer  : Tomcat started on port 8080 (http) with context path ''
2025-04-23T16:15:28.753+03:00  INFO 9092 --- [main] com.fiba.api.config.DatabaseConfig       : Приложение запущено, проверка подключения к базе данных...
2025-04-23T16:15:28.753+03:00  INFO 9092 --- [main] com.fiba.api.config.DatabaseConfig       : Используемый URL базы данных: jdbc:postgresql://rc1a-345wqvguutz56h32.mdb.yandexcloud.net:6432/streetball
2025-04-23T16:15:28.797+03:00  INFO 9092 --- [main] com.fiba.api.config.DatabaseConfig       : Подключение к базе данных успешно
2025-04-23T16:15:28.835+03:00  INFO 9092 --- [main] com.fiba.api.config.DatabaseConfig       : Версия БД: PostgreSQL 15.10 (Ubuntu 15.10-201-yandex.55221.561167750c) on x86_64-pc-linux-gnu, compiled by gcc (Ubuntu 11.4.0-1ubuntu1~22.04) 11.4.0, 64-bit
2025-04-23T16:15:28.835+03:00  INFO 9092 --- [main] com.fiba.api.ApiApplication              : Started ApiApplication in 7.855 seconds (process running for 8.669)
2025-04-23T16:15:28.841+03:00  INFO 9092 --- [main] c.fiba.api.service.FileStorageService    : Инициализация FileStorageService...
2025-04-23T16:15:28.842+03:00  INFO 9092 --- [main] c.fiba.api.service.FileStorageService    : FileStorageService инициализирован успешно
2025-04-23T16:15:29.308+03:00  INFO 9092 --- [RMI TCP Connection(2)-192.168.0.148] o.a.c.c.C.[Tomcat].[localhost].[/]       : Initializing Spring DispatcherServlet 'dispatcherServlet'
2025-04-23T16:15:29.308+03:00  INFO 9092 --- [RMI TCP Connection(2)-192.168.0.148] o.s.web.servlet.DispatcherServlet        : Initializing Servlet 'dispatcherServlet'
2025-04-23T16:15:29.310+03:00  INFO 9092 --- [RMI TCP Connection(2)-192.168.0.148] o.s.web.servlet.DispatcherServlet        : Completed initialization in 1 ms
